\BOOKMARK [1][-]{section.1}{Introduction}{}
\BOOKMARK [1][-]{section.2}{Spatial data classes}{}
\BOOKMARK [1][-]{section.3}{Manipulating spatial objects}{}
\BOOKMARK [2][-]{subsection.3.1}{Standard methods}{section.3}
\BOOKMARK [2][-]{subsection.3.2}{Spatial methods}{section.3}
\BOOKMARK [1][-]{section.4}{Spatial points}{}
\BOOKMARK [2][-]{subsection.4.1}{Points without attributes}{section.4}
\BOOKMARK [2][-]{subsection.4.2}{Points with attributes}{section.4}
\BOOKMARK [1][-]{section.5}{Grids}{}
\BOOKMARK [2][-]{subsection.5.1}{Creating grids from topology}{section.5}
\BOOKMARK [2][-]{subsection.5.2}{Creating grids from points}{section.5}
\BOOKMARK [2][-]{subsection.5.3}{Gridded data with attributes}{section.5}
\BOOKMARK [2][-]{subsection.5.4}{Are grids stored as points or as matrix/array?}{section.5}
\BOOKMARK [2][-]{subsection.5.5}{Row and column selection of a region}{section.5}
\BOOKMARK [1][-]{section.6}{Lines}{}
\BOOKMARK [2][-]{subsection.6.1}{Building line objects from scratch}{section.6}
\BOOKMARK [2][-]{subsection.6.2}{Building line objects with attributes}{section.6}
\BOOKMARK [1][-]{section.7}{Polygons}{}
\BOOKMARK [2][-]{subsection.7.1}{Building from scratch}{section.7}
\BOOKMARK [2][-]{subsection.7.2}{Polygons with attributes}{section.7}
\BOOKMARK [1][-]{section.8}{Importing and exporting data}{}
